{"/Users/tom/Documents/backgammon-tavli/server/src/app.ts": {"path":"/Users/tom/Documents/backgammon-tavli/server/src/app.ts","statementMap":{"0":{"start":{"line":1,"column":0},"end":{"line":1,"column":29}},"1":{"start":{"line":2,"column":0},"end":{"line":2,"column":58}},"2":{"start":{"line":11,"column":8},"end":{"line":11,"column":33}},"3":{"start":{"line":12,"column":8},"end":{"line":12,"column":26}},"4":{"start":{"line":13,"column":8},"end":{"line":13,"column":22}},"5":{"start":{"line":28,"column":21},"end":{"line":28,"column":37}},"6":{"start":{"line":30,"column":8},"end":{"line":34,"column":11}},"7":{"start":{"line":31,"column":12},"end":{"line":33,"column":15}},"8":{"start":{"line":35,"column":8},"end":{"line":35,"column":38}},"9":{"start":{"line":36,"column":8},"end":{"line":36,"column":57}},"10":{"start":{"line":40,"column":0},"end":{"line":40,"column":33}}},"fnMap":{"0":{"name":"(anonymous_1)","decl":{"start":{"line":10,"column":4},"end":{"line":null,"column":-1}},"loc":{"start":{"line":10,"column":4},"end":{"line":14,"column":5}}},"1":{"name":"(anonymous_2)","decl":{"start":{"line":17,"column":12},"end":{"line":17,"column":21}},"loc":{"start":{"line":17,"column":22},"end":{"line":21,"column":5}}},"2":{"name":"(anonymous_3)","decl":{"start":{"line":24,"column":12},"end":{"line":24,"column":17}},"loc":{"start":{"line":24,"column":18},"end":{"line":37,"column":5}}},"3":{"name":"(anonymous_4)","decl":{"start":{"line":30,"column":24},"end":{"line":30,"column":25}},"loc":{"start":{"line":30,"column":43},"end":{"line":34,"column":9}}}},"branchMap":{},"s":{"0":1,"1":1,"2":1,"3":1,"4":1,"5":1,"6":1,"7":0,"8":1,"9":1,"10":1},"f":{"0":1,"1":1,"2":1,"3":0},"b":{}}
,"/Users/tom/Documents/backgammon-tavli/server/src/controllers/ping.controller.ts": {"path":"/Users/tom/Documents/backgammon-tavli/server/src/controllers/ping.controller.ts","statementMap":{"0":{"start":{"line":1,"column":0},"end":{"line":1,"column":74}},"1":{"start":{"line":4,"column":21},"end":{"line":4,"column":37}},"2":{"start":{"line":6,"column":8},"end":{"line":8,"column":11}},"3":{"start":{"line":7,"column":12},"end":{"line":7,"column":37}},"4":{"start":{"line":9,"column":8},"end":{"line":9,"column":22}},"5":{"start":{"line":13,"column":8},"end":{"line":13,"column":34}},"6":{"start":{"line":14,"column":8},"end":{"line":14,"column":63}},"7":{"start":{"line":18,"column":17},"end":{"line":18,"column":37}},"8":{"start":{"line":19,"column":0},"end":{"line":19,"column":38}}},"fnMap":{"0":{"name":"(anonymous_1)","decl":{"start":{"line":3,"column":4},"end":{"line":3,"column":12}},"loc":{"start":{"line":3,"column":13},"end":{"line":10,"column":5}}},"1":{"name":"(anonymous_2)","decl":{"start":{"line":6,"column":28},"end":{"line":6,"column":29}},"loc":{"start":{"line":6,"column":80},"end":{"line":8,"column":9}}},"2":{"name":"(anonymous_3)","decl":{"start":{"line":12,"column":4},"end":{"line":12,"column":6}},"loc":{"start":{"line":12,"column":55},"end":{"line":16,"column":5}}}},"branchMap":{},"s":{"0":1,"1":1,"2":1,"3":1,"4":1,"5":1,"6":1,"7":1,"8":1},"f":{"0":1,"1":1,"2":1},"b":{}}
}
