TN:
SF:/Users/tom/Documents/backgammon-tavli/server/src/app.ts
FN:10,(anonymous_1)
FN:17,(anonymous_2)
FN:24,(anonymous_3)
FN:30,(anonymous_4)
FNF:4
FNH:3
FNDA:1,(anonymous_1)
FNDA:1,(anonymous_2)
FNDA:1,(anonymous_3)
FNDA:0,(anonymous_4)
DA:1,1
DA:2,1
DA:11,1
DA:12,1
DA:13,1
DA:28,1
DA:30,1
DA:31,0
DA:35,1
DA:36,1
DA:40,1
LF:11
LH:10
BRF:0
BRH:0
end_of_record
TN:
SF:/Users/tom/Documents/backgammon-tavli/server/src/controllers/ping.controller.ts
FN:3,(anonymous_1)
FN:6,(anonymous_2)
FN:12,(anonymous_3)
FNF:3
FNH:3
FNDA:1,(anonymous_1)
FNDA:1,(anonymous_2)
FNDA:1,(anonymous_3)
DA:1,1
DA:4,1
DA:6,1
DA:7,1
DA:9,1
DA:13,1
DA:14,1
DA:18,1
DA:19,1
LF:9
LH:9
BRF:0
BRH:0
end_of_record
